Determining if the function sgemm_ exists failed with the following output:
Change Dir: /home/smkim/spatialai_tutorial/SLAM/Backend/NonLinearOptimization/ceres/ceres-bin/CMakeFiles/CMakeTmp

Run Build Command(s):/usr/bin/gmake -f Makefile cmTC_37eda/fast && /usr/bin/gmake  -f CMakeFiles/cmTC_37eda.dir/build.make CMakeFiles/cmTC_37eda.dir/build
gmake[1]: Entering directory '/home/smkim/spatialai_tutorial/SLAM/Backend/NonLinearOptimization/ceres/ceres-bin/CMakeFiles/CMakeTmp'
Building C object CMakeFiles/cmTC_37eda.dir/CheckFunctionExists.c.o
/usr/bin/cc   -DCHECK_FUNCTION_EXISTS=sgemm_ -o CMakeFiles/cmTC_37eda.dir/CheckFunctionExists.c.o -c /usr/share/cmake-3.22/Modules/CheckFunctionExists.c
Linking C executable cmTC_37eda
/usr/bin/cmake -E cmake_link_script CMakeFiles/cmTC_37eda.dir/link.txt --verbose=1
/usr/bin/cc  -DCHECK_FUNCTION_EXISTS=sgemm_ CMakeFiles/cmTC_37eda.dir/CheckFunctionExists.c.o -o cmTC_37eda 
/usr/bin/ld: CMakeFiles/cmTC_37eda.dir/CheckFunctionExists.c.o: in function `main':
CheckFunctionExists.c:(.text+0x14): undefined reference to `sgemm_'
collect2: error: ld returned 1 exit status
gmake[1]: *** [CMakeFiles/cmTC_37eda.dir/build.make:99: cmTC_37eda] Error 1
gmake[1]: Leaving directory '/home/smkim/spatialai_tutorial/SLAM/Backend/NonLinearOptimization/ceres/ceres-bin/CMakeFiles/CMakeTmp'
gmake: *** [Makefile:127: cmTC_37eda/fast] Error 2



Determining if the function cheev_ exists failed with the following output:
Change Dir: /home/smkim/spatialai_tutorial/SLAM/Backend/NonLinearOptimization/ceres/ceres-bin/CMakeFiles/CMakeTmp

Run Build Command(s):/usr/bin/gmake -f Makefile cmTC_969c0/fast && /usr/bin/gmake  -f CMakeFiles/cmTC_969c0.dir/build.make CMakeFiles/cmTC_969c0.dir/build
gmake[1]: Entering directory '/home/smkim/spatialai_tutorial/SLAM/Backend/NonLinearOptimization/ceres/ceres-bin/CMakeFiles/CMakeTmp'
Building C object CMakeFiles/cmTC_969c0.dir/CheckFunctionExists.c.o
/usr/bin/cc   -DCHECK_FUNCTION_EXISTS=cheev_ -o CMakeFiles/cmTC_969c0.dir/CheckFunctionExists.c.o -c /usr/share/cmake-3.22/Modules/CheckFunctionExists.c
Linking C executable cmTC_969c0
/usr/bin/cmake -E cmake_link_script CMakeFiles/cmTC_969c0.dir/link.txt --verbose=1
/usr/bin/cc  -DCHECK_FUNCTION_EXISTS=cheev_ CMakeFiles/cmTC_969c0.dir/CheckFunctionExists.c.o -o cmTC_969c0  /usr/lib/x86_64-linux-gnu/libblas.so /usr/lib/x86_64-linux-gnu/libf77blas.so /usr/lib/x86_64-linux-gnu/libatlas.so -lm -ldl 
/usr/bin/ld: CMakeFiles/cmTC_969c0.dir/CheckFunctionExists.c.o: in function `main':
CheckFunctionExists.c:(.text+0x14): undefined reference to `cheev_'
collect2: error: ld returned 1 exit status
gmake[1]: *** [CMakeFiles/cmTC_969c0.dir/build.make:102: cmTC_969c0] Error 1
gmake[1]: Leaving directory '/home/smkim/spatialai_tutorial/SLAM/Backend/NonLinearOptimization/ceres/ceres-bin/CMakeFiles/CMakeTmp'
gmake: *** [Makefile:127: cmTC_969c0/fast] Error 2



Determining if the function cheev_ exists failed with the following output:
Change Dir: /home/smkim/spatialai_tutorial/SLAM/Backend/NonLinearOptimization/ceres/ceres-bin/CMakeFiles/CMakeTmp

Run Build Command(s):/usr/bin/gmake -f Makefile cmTC_f5329/fast && /usr/bin/gmake  -f CMakeFiles/cmTC_f5329.dir/build.make CMakeFiles/cmTC_f5329.dir/build
gmake[1]: Entering directory '/home/smkim/spatialai_tutorial/SLAM/Backend/NonLinearOptimization/ceres/ceres-bin/CMakeFiles/CMakeTmp'
Building C object CMakeFiles/cmTC_f5329.dir/CheckFunctionExists.c.o
/usr/bin/cc   -DCHECK_FUNCTION_EXISTS=cheev_ -o CMakeFiles/cmTC_f5329.dir/CheckFunctionExists.c.o -c /usr/share/cmake-3.22/Modules/CheckFunctionExists.c
Linking C executable cmTC_f5329
/usr/bin/cmake -E cmake_link_script CMakeFiles/cmTC_f5329.dir/link.txt --verbose=1
/usr/bin/cc  -DCHECK_FUNCTION_EXISTS=cheev_ CMakeFiles/cmTC_f5329.dir/CheckFunctionExists.c.o -o cmTC_f5329  /usr/lib/x86_64-linux-gnu/liblapack.so /usr/lib/x86_64-linux-gnu/libblas.so /usr/lib/x86_64-linux-gnu/libf77blas.so /usr/lib/x86_64-linux-gnu/libatlas.so -fortranlibs 
cc: error: unrecognized command-line option ‘-fortranlibs’
gmake[1]: *** [CMakeFiles/cmTC_f5329.dir/build.make:103: cmTC_f5329] Error 1
gmake[1]: Leaving directory '/home/smkim/spatialai_tutorial/SLAM/Backend/NonLinearOptimization/ceres/ceres-bin/CMakeFiles/CMakeTmp'
gmake: *** [Makefile:127: cmTC_f5329/fast] Error 2



